c:\users\nazara\documents\github\css343assignment4\assignment4\assignment4\x64\debug\assignment4.pch
c:\users\nazara\documents\github\css343assignment4\assignment4\assignment4\x64\debug\vc141.pdb
c:\users\nazara\documents\github\css343assignment4\assignment4\assignment4\x64\debug\vc141.idb
c:\users\nazara\documents\github\css343assignment4\assignment4\assignment4\x64\debug\stdafx.obj
c:\users\nazara\documents\github\css343assignment4\assignment4\assignment4\x64\debug\assignment4.obj
c:\users\nazara\documents\github\css343assignment4\assignment4\assignment4\x64\debug\classicmovie.obj
c:\users\nazara\documents\github\css343assignment4\assignment4\assignment4\x64\debug\comedymovie.obj
c:\users\nazara\documents\github\css343assignment4\assignment4\assignment4\x64\debug\customer.obj
c:\users\nazara\documents\github\css343assignment4\assignment4\assignment4\x64\debug\database.obj
c:\users\nazara\documents\github\css343assignment4\assignment4\assignment4\x64\debug\dramamovie.obj
c:\users\nazara\documents\github\css343assignment4\assignment4\assignment4\x64\debug\inputvalidator.obj
c:\users\nazara\documents\github\css343assignment4\assignment4\assignment4\x64\debug\movie.obj
c:\users\nazara\documents\github\css343assignment4\assignment4\x64\debug\assignment4.ilk
c:\users\nazara\documents\github\css343assignment4\assignment4\x64\debug\assignment4.exe
c:\users\nazara\documents\github\css343assignment4\assignment4\x64\debug\assignment4.pdb
c:\users\nazara\documents\github\css343assignment4\assignment4\assignment4\x64\debug\assignment4.tlog\cl.command.1.tlog
c:\users\nazara\documents\github\css343assignment4\assignment4\assignment4\x64\debug\assignment4.tlog\cl.read.1.tlog
c:\users\nazara\documents\github\css343assignment4\assignment4\assignment4\x64\debug\assignment4.tlog\cl.write.1.tlog
c:\users\nazara\documents\github\css343assignment4\assignment4\assignment4\x64\debug\assignment4.tlog\link.command.1.tlog
c:\users\nazara\documents\github\css343assignment4\assignment4\assignment4\x64\debug\assignment4.tlog\link.read.1.tlog
c:\users\nazara\documents\github\css343assignment4\assignment4\assignment4\x64\debug\assignment4.tlog\link.write.1.tlog
